2025/07/23 10:21:44 bluetoothctl is available
2025/07/23 10:21:48 
2025/07/23 10:21:52 
2025/07/23 10:21:55 chmod:802-11-wireless:024a39c3-d7b7-4850-9dc8-6ec51477e62c
Lathi:802-11-wireless:8a37ae50-1fd2-44e4-a9a3-a78ac584b3fd
POCO X5 Pro 5G Network:bluetooth:63d4845f-8c8c-495d-abcd-f493b259bdbb
vivo 1916:802-11-wireless:a31d7a94-6c50-4244-bdc4-2a6635dc8919
Wired connection 1:802-3-ethernet:5da5fdcd-4afb-39b8-8e7d-9683fc8be791
2025/07/23 10:21:57 chmod:802-11-wireless:024a39c3-d7b7-4850-9dc8-6ec51477e62c
Lathi:802-11-wireless:8a37ae50-1fd2-44e4-a9a3-a78ac584b3fd
POCO X5 Pro 5G Network:bluetooth:63d4845f-8c8c-495d-abcd-f493b259bdbb
vivo 1916:802-11-wireless:a31d7a94-6c50-4244-bdc4-2a6635dc8919
Wired connection 1:802-3-ethernet:5da5fdcd-4afb-39b8-8e7d-9683fc8be791
2025/07/23 10:21:58 chmod:802-11-wireless:024a39c3-d7b7-4850-9dc8-6ec51477e62c
Lathi:802-11-wireless:8a37ae50-1fd2-44e4-a9a3-a78ac584b3fd
POCO X5 Pro 5G Network:bluetooth:63d4845f-8c8c-495d-abcd-f493b259bdbb
vivo 1916:802-11-wireless:a31d7a94-6c50-4244-bdc4-2a6635dc8919
Wired connection 1:802-3-ethernet:5da5fdcd-4afb-39b8-8e7d-9683fc8be791
2025/07/23 10:22:00 chmod:802-11-wireless:024a39c3-d7b7-4850-9dc8-6ec51477e62c
Lathi:802-11-wireless:8a37ae50-1fd2-44e4-a9a3-a78ac584b3fd
POCO X5 Pro 5G Network:bluetooth:63d4845f-8c8c-495d-abcd-f493b259bdbb
vivo 1916:802-11-wireless:a31d7a94-6c50-4244-bdc4-2a6635dc8919
Wired connection 1:802-3-ethernet:5da5fdcd-4afb-39b8-8e7d-9683fc8be791
2025/07/23 10:22:00 chmod:802-11-wireless:024a39c3-d7b7-4850-9dc8-6ec51477e62c
Lathi:802-11-wireless:8a37ae50-1fd2-44e4-a9a3-a78ac584b3fd
POCO X5 Pro 5G Network:bluetooth:63d4845f-8c8c-495d-abcd-f493b259bdbb
vivo 1916:802-11-wireless:a31d7a94-6c50-4244-bdc4-2a6635dc8919
Wired connection 1:802-3-ethernet:5da5fdcd-4afb-39b8-8e7d-9683fc8be791
2025/07/23 10:22:02 
